<?xml version="1.0" encoding="UTF-8"?>
<!-- Generated by org.testng.reporters.JUnitReportReporter -->
<testsuite hostname="DESKTOP-J680M4N" failures="0" tests="5" name="menuEmpleadorTest.AportesYCarteraTest.POSTest" time="166.096" errors="0" timestamp="2024-10-29T15:41:22 COT" skipped="0">
  <testcase classname="menuEmpleadorTest.AportesYCarteraTest.POSTest" name="estado_Cuenta" time="30.984"/>
  <system-out/>
  <testcase classname="menuEmpleadorTest.AportesYCarteraTest.POSTest" name="Pagos_por_planilla" time="16.853"/>
  <system-out/>
  <testcase classname="menuEmpleadorTest.AportesYCarteraTest.POSTest" name="pagos_Por_periodo" time="24.299"/>
  <system-out/>
  <testcase classname="menuEmpleadorTest.AportesYCarteraTest.POSTest" name="Certificacion_Planilla_Unica" time="39.409"/>
  <system-out/>
  <testcase classname="menuEmpleadorTest.AportesYCarteraTest.POSTest" name="Certificación_de_Pagos" time="54.551"/>
  <system-out/>
</testsuite> <!-- menuEmpleadorTest.AportesYCarteraTest.POSTest -->
