<?xml version="1.0" encoding="UTF-8"?>
<!-- Generated by org.testng.reporters.JUnitReportReporter -->
<testsuite hostname="DESKTOP-J680M4N" failures="0" tests="3" name="menuAfiliadoPosTest.Aportes_Y_CarteraTest.PosTest" time="168.094" errors="0" timestamp="2024-10-28T16:25:33 COT" skipped="0">
  <testcase classname="menuAfiliadoPosTest.Aportes_Y_CarteraTest.PosTest" name="estado_Cuenta" time="75.540"/>
  <system-out/>
  <testcase classname="menuAfiliadoPosTest.Aportes_Y_CarteraTest.PosTest" name="pagos_Por_Planilla" time="51.500"/>
  <system-out/>
  <testcase classname="menuAfiliadoPosTest.Aportes_Y_CarteraTest.PosTest" name="pagos_Por_Periodo" time="41.054"/>
  <system-out/>
</testsuite> <!-- menuAfiliadoPosTest.Aportes_Y_CarteraTest.PosTest -->
