<?xml version="1.0" encoding="UTF-8"?>
<!-- Generated by org.testng.reporters.JUnitReportReporter -->
<testsuite hostname="DESKTOP-J680M4N" failures="0" tests="1" name="menuAfiliadoPosTest.Datos_EmpleadorTest.Datos_EmpleadorTest" time="41.289" errors="0" timestamp="2024-10-28T15:59:21 COT" skipped="0">
  <testcase classname="menuAfiliadoPosTest.Datos_EmpleadorTest.Datos_EmpleadorTest" name="Datos_Del_Empleador" time="41.289"/>
  <system-out/>
</testsuite> <!-- menuAfiliadoPosTest.Datos_EmpleadorTest.Datos_EmpleadorTest -->
