<?xml version="1.0" encoding="UTF-8"?>
<!-- Generated by org.testng.reporters.JUnitReportReporter -->
<testsuite hostname="DESKTOP-J680M4N" failures="0" tests="1" name="IPSTest.FacturacionDigitalTest.FacturacionDigitalTest" time="47.899" errors="0" timestamp="2024-10-30T17:01:10 COT" skipped="0">
  <testcase classname="IPSTest.FacturacionDigitalTest.FacturacionDigitalTest" name="testFacturacionDigital" time="47.899"/>
  <system-out/>
</testsuite> <!-- IPSTest.FacturacionDigitalTest.FacturacionDigitalTest -->
