<?xml version="1.0" encoding="UTF-8"?>
<!-- Generated by org.testng.reporters.JUnitReportReporter -->
<testsuite hostname="DESKTOP-J680M4N" failures="0" tests="3" name="IPSTest.radicacionDigitalTest.radicacionDigitalTest" time="144.375" errors="0" timestamp="2024-10-30T17:01:10 COT" skipped="0">
  <testcase classname="IPSTest.radicacionDigitalTest.radicacionDigitalTest" name="cargaArchivosRips" time="52.144"/>
  <system-out/>
  <testcase classname="IPSTest.radicacionDigitalTest.radicacionDigitalTest" name="consultaInconsistenciaRips" time="53.955"/>
  <system-out/>
  <testcase classname="IPSTest.radicacionDigitalTest.radicacionDigitalTest" name="consultaProcesamientoRips" time="38.276"/>
  <system-out/>
</testsuite> <!-- IPSTest.radicacionDigitalTest.radicacionDigitalTest -->
