<?xml version="1.0" encoding="UTF-8"?>
<!-- Generated by org.testng.reporters.JUnitReportReporter -->
<testsuite hostname="DESKTOP-J680M4N" failures="0" tests="1" name="IPSTest.consultaPrescripcionesTest.consultaPrescripcionesTest" time="48.375" errors="0" timestamp="2024-10-30T12:36:32 COT" skipped="0">
  <testcase classname="IPSTest.consultaPrescripcionesTest.consultaPrescripcionesTest" name="consultaPrescripciones" time="48.375"/>
  <system-out/>
</testsuite> <!-- IPSTest.consultaPrescripcionesTest.consultaPrescripcionesTest -->
