<?xml version="1.0" encoding="UTF-8"?>
<!-- Generated by org.testng.reporters.JUnitReportReporter -->
<testsuite hostname="DESKTOP-J680M4N" failures="0" tests="1" name="menuContratantePacTest.actualizarDatosContactoTest.actualizardatosContacto" time="19.475" errors="0" timestamp="2024-09-23T12:35:36 COT" skipped="0">
  <testcase classname="menuContratantePacTest.actualizarDatosContactoTest.actualizardatosContacto" name="actualizarinformacionafiliado" time="19.475"/>
  <system-out/>
</testsuite> <!-- menuContratantePacTest.actualizarDatosContactoTest.actualizardatosContacto -->
