<?xml version="1.0" encoding="UTF-8"?>
<!-- Generated by org.testng.reporters.JUnitReportReporter -->
<testsuite hostname="DESKTOP-J680M4N" failures="0" tests="1" name="menuEmpleadorTest.datosEmpleadorTest.ActualizarInformacionEmpleadorTest" time="24.400" errors="0" timestamp="2024-10-29T15:24:42 COT" skipped="0">
  <testcase classname="menuEmpleadorTest.datosEmpleadorTest.ActualizarInformacionEmpleadorTest" name="Actualizar_Informacion_Empleador" time="24.400"/>
  <system-out/>
</testsuite> <!-- menuEmpleadorTest.datosEmpleadorTest.ActualizarInformacionEmpleadorTest -->
