<?xml version="1.0" encoding="UTF-8"?>
<!-- Generated by org.testng.reporters.JUnitReportReporter -->
<testsuite hostname="DESKTOP-J680M4N" failures="0" tests="2" name="menuAfiliadoPosTest.PortabilidadTest.PortabilidadTest" time="149.127" errors="0" timestamp="2024-10-28T16:20:44 COT" skipped="0">
  <testcase classname="menuAfiliadoPosTest.PortabilidadTest.PortabilidadTest" name="Registro_Portabilidad" time="76.749"/>
  <system-out/>
  <testcase classname="menuAfiliadoPosTest.PortabilidadTest.PortabilidadTest" name="Consulta_Portabilidad" time="72.378"/>
  <system-out/>
</testsuite> <!-- menuAfiliadoPosTest.PortabilidadTest.PortabilidadTest -->
