<?xml version="1.0" encoding="UTF-8"?>
<!-- Generated by org.testng.reporters.JUnitReportReporter -->
<testsuite hostname="DESKTOP-J680M4N" failures="0" tests="1" name="IPSTest.basesDeDatosTest.descargarActualizacionTest" time="46.691" errors="0" timestamp="2024-10-30T16:53:04 COT" skipped="0">
  <testcase classname="IPSTest.basesDeDatosTest.descargarActualizacionTest" name="descargar_Actualizacion" time="46.691"/>
  <system-out/>
</testsuite> <!-- IPSTest.basesDeDatosTest.descargarActualizacionTest -->
