<?xml version="1.0" encoding="UTF-8"?>
<!-- Generated by org.testng.reporters.JUnitReportReporter -->
<testsuite hostname="DESKTOP-J680M4N" failures="0" tests="1" name="menuAdministradorTest.aplicacionesTest.aplicacionesTest" time="37.125" errors="0" timestamp="2024-12-26T14:01:34 COT" skipped="0">
  <testcase classname="menuAdministradorTest.aplicacionesTest.aplicacionesTest" name="pruebaAdministrarAplicaciones" time="37.125"/>
  <system-out/>
</testsuite> <!-- menuAdministradorTest.aplicacionesTest.aplicacionesTest -->
