<?xml version="1.0" encoding="UTF-8"?>
<!-- Generated by org.testng.reporters.JUnitReportReporter -->
<testsuite hostname="DESKTOP-J680M4N" failures="0" tests="5" name="menuAfiliadoPosTest.CertificacionesTest.CertificacionesTest" time="280.146" errors="0" timestamp="2024-10-28T16:40:34 COT" skipped="0">
  <testcase classname="menuAfiliadoPosTest.CertificacionesTest.CertificacionesTest" name="Afiliacion" time="48.131"/>
  <system-out/>
  <testcase classname="menuAfiliadoPosTest.CertificacionesTest.CertificacionesTest" name="Pagos" time="61.144"/>
  <system-out/>
  <testcase classname="menuAfiliadoPosTest.CertificacionesTest.CertificacionesTest" name="prueba_Pagos_UPC_Adicional" time="66.816"/>
  <system-out/>
  <testcase classname="menuAfiliadoPosTest.CertificacionesTest.CertificacionesTest" name="Certificado_Incapacidad" time="47.031"/>
  <system-out/>
  <testcase classname="menuAfiliadoPosTest.CertificacionesTest.CertificacionesTest" name="Certificado_Utilizacion_POS" time="57.024"/>
  <system-out/>
</testsuite> <!-- menuAfiliadoPosTest.CertificacionesTest.CertificacionesTest -->
