<?xml version="1.0" encoding="UTF-8"?>
<!-- Generated by org.testng.reporters.JUnitReportReporter -->
<testsuite hostname="DESKTOP-J680M4N" failures="0" tests="1" name="menuContratantePacTest.afiliacionesTest.afiliadoTest" time="19.494" errors="0" timestamp="2024-09-23T12:35:36 COT" skipped="0">
  <testcase classname="menuContratantePacTest.afiliacionesTest.afiliadoTest" name="grupofamiliar" time="19.494"/>
  <system-out/>
</testsuite> <!-- menuContratantePacTest.afiliacionesTest.afiliadoTest -->
