<?xml version="1.0" encoding="UTF-8"?>
<!-- Generated by org.testng.reporters.JUnitReportReporter -->
<testsuite hostname="DESKTOP-J680M4N" failures="0" tests="4" name="menuAfiliadoPosTest.Aportes_Y_CarteraTest.UPCAdicionalTest" time="116.539" errors="0" timestamp="2024-10-28T16:29:49 COT" skipped="0">
  <testcase classname="menuAfiliadoPosTest.Aportes_Y_CarteraTest.UPCAdicionalTest" name="estado_Cuenta" time="29.753"/>
  <system-out/>
  <testcase classname="menuAfiliadoPosTest.Aportes_Y_CarteraTest.UPCAdicionalTest" name="periodos_En_Mora" time="38.343"/>
  <system-out/>
  <testcase classname="menuAfiliadoPosTest.Aportes_Y_CarteraTest.UPCAdicionalTest" name="pagos_Consistentes" time="30.066"/>
  <system-out/>
  <testcase classname="menuAfiliadoPosTest.Aportes_Y_CarteraTest.UPCAdicionalTest" name="pagos_Inconcistentes" time="18.377"/>
  <system-out/>
</testsuite> <!-- menuAfiliadoPosTest.Aportes_Y_CarteraTest.UPCAdicionalTest -->
