<?xml version="1.0" encoding="UTF-8"?>
<!-- Generated by org.testng.reporters.JUnitReportReporter -->
<testsuite hostname="DESKTOP-J680M4N" failures="0" tests="2" name="menuEmpleadorTest.AportesYCarteraTest.UPCTest" time="41.222" errors="0" timestamp="2024-10-29T15:44:37 COT" skipped="0">
  <testcase classname="menuEmpleadorTest.AportesYCarteraTest.UPCTest" name="Pagos_Consistentes" time="20.203"/>
  <system-out/>
  <testcase classname="menuEmpleadorTest.AportesYCarteraTest.UPCTest" name="Pagos_Inconsistentes" time="21.019"/>
  <system-out/>
</testsuite> <!-- menuEmpleadorTest.AportesYCarteraTest.UPCTest -->
