<?xml version="1.0" encoding="UTF-8"?>
<!-- Generated by org.testng.reporters.JUnitReportReporter -->
<testsuite hostname="DESKTOP-J680M4N" failures="0" tests="1" name="menuEmpleadorTest.movilidadASubsidiadoTest.descargarFormularioTest" time="39.748" errors="0" timestamp="2024-10-30T15:46:49 COT" skipped="0">
  <testcase classname="menuEmpleadorTest.movilidadASubsidiadoTest.descargarFormularioTest" name="Descarga_Formulario" time="39.748"/>
  <system-out/>
</testsuite> <!-- menuEmpleadorTest.movilidadASubsidiadoTest.descargarFormularioTest -->
