<?xml version="1.0" encoding="UTF-8"?>
<!-- Generated by org.testng.reporters.JUnitReportReporter -->
<testsuite hostname="DESKTOP-J680M4N" failures="0" tests="1" name="IPSTest.datosDelEmpleadorTest.datosDelEmpleadorTest" time="26.375" errors="0" timestamp="2024-10-30T16:33:52 COT" skipped="0">
  <testcase classname="IPSTest.datosDelEmpleadorTest.datosDelEmpleadorTest" name="datos_Del_Empleador" time="26.375"/>
  <system-out/>
</testsuite> <!-- IPSTest.datosDelEmpleadorTest.datosDelEmpleadorTest -->
