<?xml version="1.0" encoding="UTF-8"?>
<!-- Generated by org.testng.reporters.JUnitReportReporter -->
<testsuite hostname="DESKTOP-J680M4N" failures="0" tests="1" name="menuEmpleadorTest.AportesYCarteraTest.PACTest" time="24.198" errors="0" timestamp="2024-12-26T13:51:56 COT" skipped="0">
  <testcase classname="menuEmpleadorTest.AportesYCarteraTest.PACTest" name="prueba_Pagos_Plan_Complementario" time="24.198"/>
  <system-out/>
</testsuite> <!-- menuEmpleadorTest.AportesYCarteraTest.PACTest -->
