<?xml version="1.0" encoding="UTF-8"?>
<!-- Generated by org.testng.reporters.JUnitReportReporter -->
<testsuite hostname="DESKTOP-J680M4N" failures="0" tests="3" name="menuAfiliadoPosTest.AutorizacionesTest.AutorizacionesTest" time="184.026" errors="0" timestamp="2024-10-28T16:14:24 COT" skipped="0">
  <testcase classname="menuAfiliadoPosTest.AutorizacionesTest.AutorizacionesTest" name="Solicitud_De_Servicios" time="71.519"/>
  <system-out/>
  <testcase classname="menuAfiliadoPosTest.AutorizacionesTest.AutorizacionesTest" name="Consultar_Autorizaciones" time="76.869"/>
  <system-out/>
  <testcase classname="menuAfiliadoPosTest.AutorizacionesTest.AutorizacionesTest" name="Verificacion_Consulta_Radicaciones_MIPRES" time="35.638"/>
  <system-out/>
</testsuite> <!-- menuAfiliadoPosTest.AutorizacionesTest.AutorizacionesTest -->
