<?xml version="1.0" encoding="UTF-8"?>
<!-- Generated by org.testng.reporters.JUnitReportReporter -->
<testsuite hostname="DESKTOP-J680M4N" failures="0" tests="6" name="menuAdministradorTest.informe_UsuarioTest.informe_UsuarioTest" time="157.231" errors="0" timestamp="2024-09-30T08:46:09 COT" skipped="0">
  <testcase classname="menuAdministradorTest.informe_UsuarioTest.informe_UsuarioTest" name="logUsuarios" time="16.164"/>
  <system-out/>
  <testcase classname="menuAdministradorTest.informe_UsuarioTest.informe_UsuarioTest" name="logActividad" time="51.317"/>
  <system-out/>
  <testcase classname="menuAdministradorTest.informe_UsuarioTest.informe_UsuarioTest" name="usuariosaplicacion" time="35.777"/>
  <system-out/>
  <testcase classname="menuAdministradorTest.informe_UsuarioTest.informe_UsuarioTest" name="usuariosaplicacionmenu" time="14.127"/>
  <system-out/>
  <testcase classname="menuAdministradorTest.informe_UsuarioTest.informe_UsuarioTest" name="usuariosaplicacionmenuporfiltro" time="16.735"/>
  <system-out/>
  <testcase classname="menuAdministradorTest.informe_UsuarioTest.informe_UsuarioTest" name="usuariosaplicacionmenuporfiltroporgrupo" time="23.111"/>
  <system-out/>
</testsuite> <!-- menuAdministradorTest.informe_UsuarioTest.informe_UsuarioTest -->
