<?xml version="1.0" encoding="UTF-8"?>
<!-- Generated by org.testng.reporters.JUnitReportReporter -->
<testsuite hostname="DESKTOP-J680M4N" failures="0" tests="1" name="menuAfiliadoPosTest.movilidadASubsidiado.descargaFormularioMoviliadadTest" time="76.241" errors="0" timestamp="2024-10-28T15:57:19 COT" skipped="0">
  <testcase classname="menuAfiliadoPosTest.movilidadASubsidiado.descargaFormularioMoviliadadTest" name="Descarga_Formulario" time="76.241"/>
  <system-out/>
</testsuite> <!-- menuAfiliadoPosTest.movilidadASubsidiado.descargaFormularioMoviliadadTest -->
