<?xml version="1.0" encoding="UTF-8"?>
<!-- Generated by org.testng.reporters.JUnitReportReporter -->
<testsuite hostname="DESKTOP-J680M4N" failures="0" tests="6" name="menuEmpleadorTest.afiliacionesTest.afiliacionesTest" time="149.654" errors="0" timestamp="2024-10-29T15:31:25 COT" skipped="0">
  <testcase classname="menuEmpleadorTest.afiliacionesTest.afiliacionesTest" name="grupo_Familiar" time="17.827"/>
  <system-out/>
  <testcase classname="menuEmpleadorTest.afiliacionesTest.afiliacionesTest" name="documentos_Pendientes_Por_Afiliado" time="23.031"/>
  <system-out/>
  <testcase classname="menuEmpleadorTest.afiliacionesTest.afiliacionesTest" name="estadisticas_De_Afiliacion" time="21.301"/>
  <system-out/>
  <testcase classname="menuEmpleadorTest.afiliacionesTest.afiliacionesTest" name="prueba_Afiliados_Cancelados" time="52.674"/>
  <system-out/>
  <testcase classname="menuEmpleadorTest.afiliacionesTest.afiliacionesTest" name="afiliados_Por_Ips" time="17.146"/>
  <system-out/>
  <testcase classname="menuEmpleadorTest.afiliacionesTest.afiliacionesTest" name="Documentos_Pendientees_Por_Empresa" time="17.675"/>
  <system-out/>
</testsuite> <!-- menuEmpleadorTest.afiliacionesTest.afiliacionesTest -->
