<?xml version="1.0" encoding="UTF-8"?>
<!-- Generated by org.testng.reporters.JUnitReportReporter -->
<testsuite hostname="DESKTOP-J680M4N" failures="0" tests="1" name="menuAfiliadoPosTest.Aportes_Y_CarteraTest.PACTest" time="67.266" errors="0" timestamp="2024-10-28T16:32:56 COT" skipped="0">
  <testcase classname="menuAfiliadoPosTest.Aportes_Y_CarteraTest.PACTest" name="prueba_Pagos_Plan_Complementario" time="67.266"/>
  <system-out/>
</testsuite> <!-- menuAfiliadoPosTest.Aportes_Y_CarteraTest.PACTest -->
