<?xml version="1.0" encoding="UTF-8"?>
<!-- Generated by org.testng.reporters.JUnitReportReporter -->
<testsuite hostname="DESKTOP-J680M4N" failures="0" tests="3" name="menuAfiliadoPosTest.Actualizacion_Datos_ContactoTest.Actualizacion_Datos_ContactoTest" time="277.301" errors="0" timestamp="2024-10-28T16:09:04 COT" skipped="0">
  <testcase classname="menuAfiliadoPosTest.Actualizacion_Datos_ContactoTest.Actualizacion_Datos_ContactoTest" name="Actualizacion_Informacion_Afiliado" time="135.035"/>
  <system-out/>
  <testcase classname="menuAfiliadoPosTest.Actualizacion_Datos_ContactoTest.Actualizacion_Datos_ContactoTest" name="Verificacion_Grupo_Familiar" time="105.762"/>
  <system-out/>
  <testcase classname="menuAfiliadoPosTest.Actualizacion_Datos_ContactoTest.Actualizacion_Datos_ContactoTest" name="Documentos_Pendientes" time="36.504"/>
  <system-out/>
</testsuite> <!-- menuAfiliadoPosTest.Actualizacion_Datos_ContactoTest.Actualizacion_Datos_ContactoTest -->
