<?xml version="1.0" encoding="UTF-8"?>
<!-- Generated by org.testng.reporters.JUnitReportReporter -->
<testsuite hostname="DESKTOP-J680M4N" failures="0" tests="1" name="IPSTest.licenciasEIncapacidadesTest.licenciasEIncapacidadesTest" time="26.802" errors="0" timestamp="2024-10-30T16:53:04 COT" skipped="0">
  <testcase classname="IPSTest.licenciasEIncapacidadesTest.licenciasEIncapacidadesTest" name="licencias_e_Incapacidades" time="26.802"/>
  <system-out/>
</testsuite> <!-- IPSTest.licenciasEIncapacidadesTest.licenciasEIncapacidadesTest -->
