<?xml version="1.0" encoding="UTF-8"?>
<!-- Generated by org.testng.reporters.JUnitReportReporter -->
<testsuite hostname="DESKTOP-J680M4N" failures="0" tests="13" name="IPSTest.autorizacionesTest.autorizacionesTest" time="590.620" errors="0" timestamp="2024-10-30T16:33:52 COT" skipped="0">
  <testcase classname="IPSTest.autorizacionesTest.autorizacionesTest" name="ValidacionDeDerechos" time="78.282"/>
  <system-out/>
  <testcase classname="IPSTest.autorizacionesTest.autorizacionesTest" name="UrgenciasMedicas" time="50.105"/>
  <system-out/>
  <testcase classname="IPSTest.autorizacionesTest.autorizacionesTest" name="Urgenciasodontologicas" time="51.091"/>
  <system-out/>
  <testcase classname="IPSTest.autorizacionesTest.autorizacionesTest" name="Legalizacion_Direccionamiento" time="47.127"/>
  <system-out/>
  <testcase classname="IPSTest.autorizacionesTest.autorizacionesTest" name="Solicitud_De_Servicios" time="37.981"/>
  <system-out/>
  <testcase classname="IPSTest.autorizacionesTest.autorizacionesTest" name="Anulacion_Autorizacion" time="39.357"/>
  <system-out/>
  <testcase classname="IPSTest.autorizacionesTest.autorizacionesTest" name="Reportes_Autorizaciones_Por_Afiliado" time="41.069"/>
  <system-out/>
  <testcase classname="IPSTest.autorizacionesTest.autorizacionesTest" name="Reportes_Autorizaciones_Por_Autorizador" time="44.543"/>
  <system-out/>
  <testcase classname="IPSTest.autorizacionesTest.autorizacionesTest" name="Reportes_Autorizador_Por_IPS" time="44.005"/>
  <system-out/>
  <testcase classname="IPSTest.autorizacionesTest.autorizacionesTest" name="Radicaciones_BackOffice" time="39.549"/>
  <system-out/>
  <testcase classname="IPSTest.autorizacionesTest.autorizacionesTest" name="Direccionamiento_Por_IPS" time="41.570"/>
  <system-out/>
  <testcase classname="IPSTest.autorizacionesTest.autorizacionesTest" name="Traslados_Familinea" time="37.141"/>
  <system-out/>
  <testcase classname="IPSTest.autorizacionesTest.autorizacionesTest" name="Reportes_Consulta_Solicitudes_Afiliado" time="38.800"/>
  <system-out/>
</testsuite> <!-- IPSTest.autorizacionesTest.autorizacionesTest -->
